# JRE version: OpenJDK Runtime Environment (21.0.8) (build 21.0.8+-14196175-b1038.72)
# Java VM: OpenJDK 64-Bit Server VM (21.0.8+-14196175-b1038.72, mixed mode, tiered, compressed oops, compressed class ptrs, g1 gc, windows-amd64)
GC Precious Log:
 CardTable entry size: 512
 Card Set container configuration: InlinePtr #cards 5 size 8 Array Of Cards #cards 12 size 40 Howl #buckets 4 coarsen threshold 1843 Howl Bitmap #cards 512 size 80 coarsen threshold 460 Card regions per heap region 1 cards per card region 2048
 CPUs: 8 total, 8 available
 Memory: 32642M
 Large Page Support: Disabled
 NUMA Support: Disabled
 Compressed Oops: Enabled (32-bit)
 Heap Region Size: 1M
 Heap Min Capacity: 8M
 Heap Initial Capacity: 512M
 Heap Max Capacity: 2G
 Pre-touch: Disabled
 Parallel Workers: 8
 Concurrent Workers: 2
 Concurrent Refinement Workers: 8
 Periodic GC: Disabled
Heap:
 garbage-first heap   total 481280K, used 280576K [0x0000000080000000, 0x0000000100000000)
  region size 1024K, 34 young (34816K), 22 survivors (22528K)
 Metaspace       used 254310K, committed 261056K, reserved 1310720K
  class space    used 33248K, committed 35584K, reserved 1048576K
GC Heap History (20 events):
Event: 129.635 GC heap before
{Heap before GC invocations=59 (full 0):
 garbage-first heap   total 413696K, used 373048K [0x0000000080000000, 0x0000000100000000)
  region size 1024K, 171 young (175104K), 14 survivors (14336K)
 Metaspace       used 216553K, committed 219264K, reserved 1245184K
  class space    used 28539K, committed 29824K, reserved 1048576K
}
Event: 129.645 GC heap after
{Heap after GC invocations=60 (full 0):
 garbage-first heap   total 413696K, used 223690K [0x0000000080000000, 0x0000000100000000)
  region size 1024K, 18 young (18432K), 18 survivors (18432K)
 Metaspace       used 216553K, committed 219264K, reserved 1245184K
  class space    used 28539K, committed 29824K, reserved 1048576K
}
Event: 130.596 GC heap before
{Heap before GC invocations=61 (full 0):
 garbage-first heap   total 413696K, used 382410K [0x0000000080000000, 0x0000000100000000)
  region size 1024K, 164 young (167936K), 18 survivors (18432K)
 Metaspace       used 228613K, committed 231360K, reserved 1310720K
  class space    used 30070K, committed 31360K, reserved 1048576K
}
Event: 130.604 GC heap after
{Heap after GC invocations=62 (full 0):
 garbage-first heap   total 413696K, used 235797K [0x0000000080000000, 0x0000000100000000)
  region size 1024K, 18 young (18432K), 18 survivors (18432K)
 Metaspace       used 228613K, committed 231360K, reserved 1310720K
  class space    used 30070K, committed 31360K, reserved 1048576K
}
Event: 130.873 GC heap before
{Heap before GC invocations=62 (full 0):
 garbage-first heap   total 413696K, used 374037K [0x0000000080000000, 0x0000000100000000)
  region size 1024K, 152 young (155648K), 18 survivors (18432K)
 Metaspace       used 228885K, committed 231616K, reserved 1310720K
  class space    used 30082K, committed 31424K, reserved 1048576K
}
Event: 130.892 GC heap after
{Heap after GC invocations=63 (full 0):
 garbage-first heap   total 445440K, used 281088K [0x0000000080000000, 0x0000000100000000)
  region size 1024K, 19 young (19456K), 19 survivors (19456K)
 Metaspace       used 228885K, committed 231616K, reserved 1310720K
  class space    used 30082K, committed 31424K, reserved 1048576K
}
Event: 130.910 GC heap before
{Heap before GC invocations=63 (full 0):
 garbage-first heap   total 445440K, used 285184K [0x0000000080000000, 0x0000000100000000)
  region size 1024K, 24 young (24576K), 19 survivors (19456K)
 Metaspace       used 228894K, committed 231680K, reserved 1310720K
  class space    used 30082K, committed 31424K, reserved 1048576K
}
Event: 130.914 GC heap after
{Heap after GC invocations=64 (full 0):
 garbage-first heap   total 445440K, used 286844K [0x0000000080000000, 0x0000000100000000)
  region size 1024K, 4 young (4096K), 4 survivors (4096K)
 Metaspace       used 228894K, committed 231680K, reserved 1310720K
  class space    used 30082K, committed 31424K, reserved 1048576K
}
Event: 131.564 GC heap before
{Heap before GC invocations=65 (full 0):
 garbage-first heap   total 481280K, used 383100K [0x0000000080000000, 0x0000000100000000)
  region size 1024K, 97 young (99328K), 4 survivors (4096K)
 Metaspace       used 232332K, committed 235072K, reserved 1310720K
  class space    used 30491K, committed 31808K, reserved 1048576K
}
Event: 131.571 GC heap after
{Heap after GC invocations=66 (full 0):
 garbage-first heap   total 481280K, used 306176K [0x0000000080000000, 0x0000000100000000)
  region size 1024K, 13 young (13312K), 13 survivors (13312K)
 Metaspace       used 232332K, committed 235072K, reserved 1310720K
  class space    used 30491K, committed 31808K, reserved 1048576K
}
Event: 132.268 GC heap before
{Heap before GC invocations=66 (full 0):
 garbage-first heap   total 481280K, used 412672K [0x0000000080000000, 0x0000000100000000)
  region size 1024K, 118 young (120832K), 13 survivors (13312K)
 Metaspace       used 240621K, committed 243328K, reserved 1310720K
  class space    used 31833K, committed 33152K, reserved 1048576K
}
Event: 132.276 GC heap after
{Heap after GC invocations=67 (full 0):
 garbage-first heap   total 481280K, used 301506K [0x0000000080000000, 0x0000000100000000)
  region size 1024K, 5 young (5120K), 5 survivors (5120K)
 Metaspace       used 240621K, committed 243328K, reserved 1310720K
  class space    used 31833K, committed 33152K, reserved 1048576K
}
Event: 132.871 GC heap before
{Heap before GC invocations=67 (full 0):
 garbage-first heap   total 481280K, used 386498K [0x0000000080000000, 0x0000000100000000)
  region size 1024K, 90 young (92160K), 5 survivors (5120K)
 Metaspace       used 248498K, committed 251328K, reserved 1310720K
  class space    used 32944K, committed 34304K, reserved 1048576K
}
Event: 132.876 GC heap after
{Heap after GC invocations=68 (full 0):
 garbage-first heap   total 481280K, used 304287K [0x0000000080000000, 0x0000000100000000)
  region size 1024K, 8 young (8192K), 8 survivors (8192K)
 Metaspace       used 248498K, committed 251328K, reserved 1310720K
  class space    used 32944K, committed 34304K, reserved 1048576K
}
Event: 133.736 GC heap before
{Heap before GC invocations=69 (full 0):
 garbage-first heap   total 481280K, used 391573K [0x0000000080000000, 0x0000000100000000)
  region size 1024K, 128 young (131072K), 8 survivors (8192K)
 Metaspace       used 250430K, committed 253184K, reserved 1310720K
  class space    used 33099K, committed 34432K, reserved 1048576K
}
Event: 133.743 GC heap after
{Heap after GC invocations=70 (full 0):
 garbage-first heap   total 481280K, used 275907K [0x0000000080000000, 0x0000000100000000)
  region size 1024K, 16 young (16384K), 16 survivors (16384K)
 Metaspace       used 250430K, committed 253184K, reserved 1310720K
  class space    used 33099K, committed 34432K, reserved 1048576K
}
Event: 2666.675 GC heap before
{Heap before GC invocations=70 (full 0):
 garbage-first heap   total 481280K, used 422339K [0x0000000080000000, 0x0000000100000000)
  region size 1024K, 160 young (163840K), 16 survivors (16384K)
 Metaspace       used 251174K, committed 254016K, reserved 1310720K
  class space    used 33167K, committed 34560K, reserved 1048576K
}
Event: 2666.693 GC heap after
{Heap after GC invocations=71 (full 0):
 garbage-first heap   total 481280K, used 250880K [0x0000000080000000, 0x0000000100000000)
  region size 1024K, 7 young (7168K), 7 survivors (7168K)
 Metaspace       used 251174K, committed 254016K, reserved 1310720K
  class space    used 33167K, committed 34560K, reserved 1048576K
}
Event: 2668.060 GC heap before
{Heap before GC invocations=71 (full 0):
 garbage-first heap   total 481280K, used 422912K [0x0000000080000000, 0x0000000100000000)
  region size 1024K, 176 young (180224K), 7 survivors (7168K)
 Metaspace       used 257985K, committed 260928K, reserved 1310720K
  class space    used 34137K, committed 35584K, reserved 1048576K
}
Event: 2668.075 GC heap after
{Heap after GC invocations=72 (full 0):
 garbage-first heap   total 481280K, used 269312K [0x0000000080000000, 0x0000000100000000)
  region size 1024K, 22 young (22528K), 22 survivors (22528K)
 Metaspace       used 257985K, committed 260928K, reserved 1310720K
  class space    used 34137K, committed 35584K, reserved 1048576K
}

